Starting auto_commit script...
Adding changes...
Committing changes...
[main 7c9ee99] Auto commit on Sun Sep 14 21:57:55 UTC 2025
 36 files changed, 65 insertions(+), 1058 deletions(-)
 delete mode 100644 AverageScore.java
 delete mode 100644 BadStringCompare.java
 delete mode 100644 Columns.java
 delete mode 100644 ConsultantCharges.class
 delete mode 100644 ConsultantCharges.java
 delete mode 100644 CurrencyFormat.class
 delete mode 100644 CurrencyFormat.java
 delete mode 100644 CurrencyFormat2.java
 delete mode 100644 CurrencyFormat3.java
 delete mode 100644 Division.java
 delete mode 100644 LeadingZeros.java
 delete mode 100644 LeftJustified.java
 delete mode 100644 LoanQualifier.java
 delete mode 100644 LogicalAnd.java
 delete mode 100644 LogicalOr.java
 delete mode 100644 NestedDecision.java
 delete mode 100644 NoBreaks.java
 delete mode 100644 PetFood.java
 delete mode 100644 README.md
 delete mode 100644 Seasons.java
 delete mode 100644 SecretWord.java
 delete mode 100644 StringCompare.java
 delete mode 100644 StringCompareTo.java
 delete mode 100644 SwitchDemo.java
 delete mode 100644 TestGrade.java
 delete mode 100644 TestResults.java
 delete mode 100644 TrailingElse.java
 delete mode 100644 VariableScope.java
 delete mode 100644 pom.xml
 create mode 100644 src/main/resources/Heads1.png
 create mode 100644 src/main/resources/Tails1.png
 delete mode 100644 target/classes/com/example/Main.class
 delete mode 100644 target/maven-status/maven-compiler-plugin/compile/default-compile/createdFiles.lst
 delete mode 100644 target/maven-status/maven-compiler-plugin/compile/default-compile/inputFiles.lst
Sleeping for 3 minutes...

